<?xml version="1.0" encoding="UTF-8"?>
<testsuites name="TC Positif" time="136.437" tests="5" failures="0" errors="0">
   <testsuite name="TC Positif" tests="5" failures="0" errors="0" time="136.437" skipped="0" timestamp="13-02-2024T19:03:37" hostname="admin - admins-macbook-pro.local" id="Test Suites/TC Positif">
      <properties>
         <property name="deviceName" value="emulator-5554 (sdk_gphone64_arm64 - Android 14)"/>
         <property name="devicePlatform" value=""/>
         <property name="logFolder" value="/Users/admin/git/Katalon-FinalMobile-NovaAdityaUtami/Reports/20240213_190335/TC Positif/20240213_190335"/>
         <property name="logFiles" value="/Users/admin/git/Katalon-FinalMobile-NovaAdityaUtami/Reports/20240213_190335/TC Positif/20240213_190335/execution0.log, /Users/admin/git/Katalon-FinalMobile-NovaAdityaUtami/Reports/20240213_190335/TC Positif/20240213_190335/appium_error.log, /Users/admin/git/Katalon-FinalMobile-NovaAdityaUtami/Reports/20240213_190335/TC Positif/20240213_190335/appium.log"/>
         <property name="attachments" value=""/>
         <property name="hostName" value="admin - admins-macbook-pro.local"/>
         <property name="os" value="Mac OS X 64bit"/>
         <property name="appiumServerStatus" value="{&quot;value&quot;:{&quot;ready&quot;:true,&quot;message&quot;:&quot;The server is ready to accept new connections&quot;,&quot;build&quot;:{&quot;version&quot;:&quot;2.5.0&quot;}}}"/>
         <property name="katalonVersion" value="9.3.0.212"/>
         <property name="deviceOS" value="Android"/>
         <property name="appiumVersion" value="2.5.0"/>
         <property name="deviceModel" value="sdk_gphone64_arm64"/>
         <property name="hostAddress" value="169.254.17.156"/>
         <property name="deviceManufacturer" value="Google"/>
         <property name="deviceId" value="emulator-5554"/>
         <property name="deviceName" value="emulator-5554 (sdk_gphone64_arm64 - Android 14)"/>
         <property name="deviceOSVersion" value="14"/>
      </properties>
      <testcase name="Test Cases/Search" time="26.921" classname="Test Cases/Search" status="PASSED">
         <system-out><![CDATA[13-02-2024T19:03:37 - [TEST_CASE][PASSED] - Test Cases/Search: Test Cases/Search

13-02-2024T19:03:37 - [TEST_STEP][PASSED] - startApplication("/Users/admin/Downloads/Advantage+demo+3.2.apk", true): Started app at: '/Users/admin/Downloads/Advantage+demo+3.2.apk'

13-02-2024T19:03:37 - [MESSAGE][INFO] - Detected NodeJS location: "/usr/local/bin/node"

13-02-2024T19:03:37 - [MESSAGE][INFO] - PATH: /usr/bin:/bin:/usr/sbin:/sbin:/Applications/Katalon Studio Arm64.app/Contents/Eclipse/jre/Contents/Home/bin:/usr/local/bin/

13-02-2024T19:03:37 - [MESSAGE][INFO] - APPIUM_HOME: /Users/admin/.appium

13-02-2024T19:03:37 - [MESSAGE][INFO] - appium outlog: /Users/admin/git/Katalon-FinalMobile-NovaAdityaUtami/Reports/20240213_190335/TC Positif/20240213_190335/appium.log

13-02-2024T19:03:37 - [MESSAGE][INFO] - appium errlog: /Users/admin/git/Katalon-FinalMobile-NovaAdityaUtami/Reports/20240213_190335/TC Positif/20240213_190335/appium_error.log

13-02-2024T19:03:38 - [MESSAGE][INFO] - Appium server started on port 64,543

13-02-2024T19:03:53 - [MESSAGE][PASSED] - Started app at: '/Users/admin/Downloads/Advantage+demo+3.2.apk'

13-02-2024T19:03:53 - [TEST_STEP][PASSED] - tap(findTestObject("Object Repository/Search/android.widget.EditText - Search"), 0): Tapped on element 'Object Repository/Search/android.widget.EditText - Search'

13-02-2024T19:03:54 - [MESSAGE][WARNING] - Timeout '0' is invalid. Using default page load timeout: '30'

13-02-2024T19:03:56 - [MESSAGE][PASSED] - Tapped on element 'Object Repository/Search/android.widget.EditText - Search'

13-02-2024T19:03:56 - [TEST_STEP][PASSED] - setText(findTestObject("Object Repository/Search/android.widget.EditText - Search"), "Headphones", 0): Text 'Headphones' has been set to element 'Object Repository/Search/android.widget.EditText - Search'

13-02-2024T19:03:56 - [MESSAGE][WARNING] - Timeout '0' is invalid. Using default page load timeout: '30'

13-02-2024T19:04:00 - [MESSAGE][PASSED] - Text 'Headphones' has been set to element 'Object Repository/Search/android.widget.EditText - Search'

13-02-2024T19:04:00 - [TEST_STEP][PASSED] - tap(findTestObject("Object Repository/Search/android.widget.ImageView"), 0): Tapped on element 'Object Repository/Search/android.widget.ImageView'

13-02-2024T19:04:00 - [MESSAGE][WARNING] - Timeout '0' is invalid. Using default page load timeout: '30'

13-02-2024T19:04:01 - [MESSAGE][PASSED] - Tapped on element 'Object Repository/Search/android.widget.ImageView'

13-02-2024T19:04:01 - [TEST_STEP][PASSED] - closeApplication(): Close app successfully

13-02-2024T19:04:04 - [MESSAGE][PASSED] - Close app successfully]]></system-out>
         <system-err><![CDATA[]]></system-err>
      </testcase>
      <testcase name="Test Cases/Login" time="23.598" classname="Test Cases/Login" status="PASSED">
         <system-out><![CDATA[13-02-2024T19:04:04 - [TEST_CASE][PASSED] - Test Cases/Login: Test Cases/Login

13-02-2024T19:04:04 - [TEST_STEP][PASSED] - startApplication("/Users/admin/Downloads/Advantage+demo+3.2.apk", true): Started app at: '/Users/admin/Downloads/Advantage+demo+3.2.apk'

13-02-2024T19:04:04 - [MESSAGE][INFO] - Detected NodeJS location: "/usr/local/bin/node"

13-02-2024T19:04:04 - [MESSAGE][INFO] - PATH: /usr/bin:/bin:/usr/sbin:/sbin:/Applications/Katalon Studio Arm64.app/Contents/Eclipse/jre/Contents/Home/bin:/usr/local/bin/

13-02-2024T19:04:04 - [MESSAGE][INFO] - APPIUM_HOME: /Users/admin/.appium

13-02-2024T19:04:04 - [MESSAGE][INFO] - appium outlog: /Users/admin/git/Katalon-FinalMobile-NovaAdityaUtami/Reports/20240213_190335/TC Positif/20240213_190335/appium.log

13-02-2024T19:04:04 - [MESSAGE][INFO] - appium errlog: /Users/admin/git/Katalon-FinalMobile-NovaAdityaUtami/Reports/20240213_190335/TC Positif/20240213_190335/appium_error.log

13-02-2024T19:04:06 - [MESSAGE][INFO] - Appium server started on port 64,698

13-02-2024T19:04:14 - [MESSAGE][PASSED] - Started app at: '/Users/admin/Downloads/Advantage+demo+3.2.apk'

13-02-2024T19:04:14 - [TEST_STEP][PASSED] - tap(findTestObject("Object Repository/Login/android.widget.ImageView"), 0): Tapped on element 'Object Repository/Login/android.widget.ImageView'

13-02-2024T19:04:14 - [MESSAGE][WARNING] - Timeout '0' is invalid. Using default page load timeout: '30'

13-02-2024T19:04:17 - [MESSAGE][PASSED] - Tapped on element 'Object Repository/Login/android.widget.ImageView'

13-02-2024T19:04:17 - [TEST_STEP][PASSED] - tap(findTestObject("Object Repository/Login/android.widget.LinearLayout"), 0): Tapped on element 'Object Repository/Login/android.widget.LinearLayout'

13-02-2024T19:04:17 - [MESSAGE][WARNING] - Timeout '0' is invalid. Using default page load timeout: '30'

13-02-2024T19:04:20 - [MESSAGE][PASSED] - Tapped on element 'Object Repository/Login/android.widget.LinearLayout'

13-02-2024T19:04:20 - [TEST_STEP][PASSED] - setText(findTestObject("Object Repository/Login/android.widget.EditText"), UserName, 0): Text 'namuu' has been set to element 'Object Repository/Login/android.widget.EditText'

13-02-2024T19:04:20 - [MESSAGE][WARNING] - Timeout '0' is invalid. Using default page load timeout: '30'

13-02-2024T19:04:22 - [MESSAGE][PASSED] - Text 'namuu' has been set to element 'Object Repository/Login/android.widget.EditText'

13-02-2024T19:04:22 - [TEST_STEP][PASSED] - setText(findTestObject("Object Repository/Login/android.widget.EditText (1)"), Password, 0): Text 'Halo1' has been set to element 'Object Repository/Login/android.widget.EditText (1)'

13-02-2024T19:04:22 - [MESSAGE][WARNING] - Timeout '0' is invalid. Using default page load timeout: '30'

13-02-2024T19:04:24 - [MESSAGE][PASSED] - Text 'Halo1' has been set to element 'Object Repository/Login/android.widget.EditText (1)'

13-02-2024T19:04:24 - [TEST_STEP][PASSED] - tap(findTestObject("Object Repository/Login/android.widget.Button - LOGIN"), 0): Tapped on element 'Object Repository/Login/android.widget.Button - LOGIN'

13-02-2024T19:04:24 - [MESSAGE][WARNING] - Timeout '0' is invalid. Using default page load timeout: '30'

13-02-2024T19:04:25 - [MESSAGE][PASSED] - Tapped on element 'Object Repository/Login/android.widget.Button - LOGIN'

13-02-2024T19:04:25 - [TEST_STEP][PASSED] - tap(findTestObject("Object Repository/Login/android.widget.Button - NO"), 0): Tapped on element 'Object Repository/Login/android.widget.Button - NO'

13-02-2024T19:04:26 - [MESSAGE][WARNING] - Timeout '0' is invalid. Using default page load timeout: '30'

13-02-2024T19:04:27 - [MESSAGE][PASSED] - Tapped on element 'Object Repository/Login/android.widget.Button - NO']]></system-out>
         <system-err><![CDATA[]]></system-err>
      </testcase>
      <testcase name="Test Cases/Login" time="28.918" classname="Test Cases/Login" status="PASSED">
         <system-out><![CDATA[13-02-2024T19:04:27 - [TEST_CASE][PASSED] - Test Cases/Login: Test Cases/Login

13-02-2024T19:04:28 - [TEST_STEP][PASSED] - startApplication("/Users/admin/Downloads/Advantage+demo+3.2.apk", true): Started app at: '/Users/admin/Downloads/Advantage+demo+3.2.apk'

13-02-2024T19:04:40 - [MESSAGE][PASSED] - Started app at: '/Users/admin/Downloads/Advantage+demo+3.2.apk'

13-02-2024T19:04:40 - [TEST_STEP][PASSED] - tap(findTestObject("Object Repository/Login/android.widget.ImageView"), 0): Tapped on element 'Object Repository/Login/android.widget.ImageView'

13-02-2024T19:04:40 - [MESSAGE][WARNING] - Timeout '0' is invalid. Using default page load timeout: '30'

13-02-2024T19:04:45 - [MESSAGE][PASSED] - Tapped on element 'Object Repository/Login/android.widget.ImageView'

13-02-2024T19:04:45 - [TEST_STEP][PASSED] - tap(findTestObject("Object Repository/Login/android.widget.LinearLayout"), 0): Tapped on element 'Object Repository/Login/android.widget.LinearLayout'

13-02-2024T19:04:45 - [MESSAGE][WARNING] - Timeout '0' is invalid. Using default page load timeout: '30'

13-02-2024T19:04:46 - [MESSAGE][PASSED] - Tapped on element 'Object Repository/Login/android.widget.LinearLayout'

13-02-2024T19:04:46 - [TEST_STEP][PASSED] - setText(findTestObject("Object Repository/Login/android.widget.EditText"), UserName, 0): Text 'namasata' has been set to element 'Object Repository/Login/android.widget.EditText'

13-02-2024T19:04:46 - [MESSAGE][WARNING] - Timeout '0' is invalid. Using default page load timeout: '30'

13-02-2024T19:04:50 - [MESSAGE][PASSED] - Text 'namasata' has been set to element 'Object Repository/Login/android.widget.EditText'

13-02-2024T19:04:50 - [TEST_STEP][PASSED] - setText(findTestObject("Object Repository/Login/android.widget.EditText (1)"), Password, 0): Text 'Hey123' has been set to element 'Object Repository/Login/android.widget.EditText (1)'

13-02-2024T19:04:50 - [MESSAGE][WARNING] - Timeout '0' is invalid. Using default page load timeout: '30'

13-02-2024T19:04:52 - [MESSAGE][PASSED] - Text 'Hey123' has been set to element 'Object Repository/Login/android.widget.EditText (1)'

13-02-2024T19:04:52 - [TEST_STEP][PASSED] - tap(findTestObject("Object Repository/Login/android.widget.Button - LOGIN"), 0): Tapped on element 'Object Repository/Login/android.widget.Button - LOGIN'

13-02-2024T19:04:52 - [MESSAGE][WARNING] - Timeout '0' is invalid. Using default page load timeout: '30'

13-02-2024T19:04:53 - [MESSAGE][PASSED] - Tapped on element 'Object Repository/Login/android.widget.Button - LOGIN'

13-02-2024T19:04:53 - [TEST_STEP][PASSED] - tap(findTestObject("Object Repository/Login/android.widget.Button - NO"), 0): Tapped on element 'Object Repository/Login/android.widget.Button - NO'

13-02-2024T19:04:53 - [MESSAGE][WARNING] - Timeout '0' is invalid. Using default page load timeout: '30'

13-02-2024T19:04:56 - [MESSAGE][PASSED] - Tapped on element 'Object Repository/Login/android.widget.Button - NO']]></system-out>
         <system-err><![CDATA[]]></system-err>
      </testcase>
      <testcase name="Test Cases/Login" time="28.566" classname="Test Cases/Login" status="PASSED">
         <system-out><![CDATA[13-02-2024T19:04:56 - [TEST_CASE][PASSED] - Test Cases/Login: Test Cases/Login

13-02-2024T19:04:56 - [TEST_STEP][PASSED] - startApplication("/Users/admin/Downloads/Advantage+demo+3.2.apk", true): Started app at: '/Users/admin/Downloads/Advantage+demo+3.2.apk'

13-02-2024T19:05:09 - [MESSAGE][PASSED] - Started app at: '/Users/admin/Downloads/Advantage+demo+3.2.apk'

13-02-2024T19:05:09 - [TEST_STEP][PASSED] - tap(findTestObject("Object Repository/Login/android.widget.ImageView"), 0): Tapped on element 'Object Repository/Login/android.widget.ImageView'

13-02-2024T19:05:09 - [MESSAGE][WARNING] - Timeout '0' is invalid. Using default page load timeout: '30'

13-02-2024T19:05:13 - [MESSAGE][PASSED] - Tapped on element 'Object Repository/Login/android.widget.ImageView'

13-02-2024T19:05:13 - [TEST_STEP][PASSED] - tap(findTestObject("Object Repository/Login/android.widget.LinearLayout"), 0): Tapped on element 'Object Repository/Login/android.widget.LinearLayout'

13-02-2024T19:05:13 - [MESSAGE][WARNING] - Timeout '0' is invalid. Using default page load timeout: '30'

13-02-2024T19:05:16 - [MESSAGE][PASSED] - Tapped on element 'Object Repository/Login/android.widget.LinearLayout'

13-02-2024T19:05:16 - [TEST_STEP][PASSED] - setText(findTestObject("Object Repository/Login/android.widget.EditText"), UserName, 0): Text 'cieci' has been set to element 'Object Repository/Login/android.widget.EditText'

13-02-2024T19:05:16 - [MESSAGE][WARNING] - Timeout '0' is invalid. Using default page load timeout: '30'

13-02-2024T19:05:18 - [MESSAGE][PASSED] - Text 'cieci' has been set to element 'Object Repository/Login/android.widget.EditText'

13-02-2024T19:05:18 - [TEST_STEP][PASSED] - setText(findTestObject("Object Repository/Login/android.widget.EditText (1)"), Password, 0): Text 'Cui123' has been set to element 'Object Repository/Login/android.widget.EditText (1)'

13-02-2024T19:05:18 - [MESSAGE][WARNING] - Timeout '0' is invalid. Using default page load timeout: '30'

13-02-2024T19:05:20 - [MESSAGE][PASSED] - Text 'Cui123' has been set to element 'Object Repository/Login/android.widget.EditText (1)'

13-02-2024T19:05:20 - [TEST_STEP][PASSED] - tap(findTestObject("Object Repository/Login/android.widget.Button - LOGIN"), 0): Tapped on element 'Object Repository/Login/android.widget.Button - LOGIN'

13-02-2024T19:05:20 - [MESSAGE][WARNING] - Timeout '0' is invalid. Using default page load timeout: '30'

13-02-2024T19:05:21 - [MESSAGE][PASSED] - Tapped on element 'Object Repository/Login/android.widget.Button - LOGIN'

13-02-2024T19:05:21 - [TEST_STEP][PASSED] - tap(findTestObject("Object Repository/Login/android.widget.Button - NO"), 0): Tapped on element 'Object Repository/Login/android.widget.Button - NO'

13-02-2024T19:05:21 - [MESSAGE][WARNING] - Timeout '0' is invalid. Using default page load timeout: '30'

13-02-2024T19:05:25 - [MESSAGE][PASSED] - Tapped on element 'Object Repository/Login/android.widget.Button - NO']]></system-out>
         <system-err><![CDATA[]]></system-err>
      </testcase>
      <testcase name="Test Cases/Login" time="28.153" classname="Test Cases/Login" status="PASSED">
         <system-out><![CDATA[13-02-2024T19:05:25 - [TEST_CASE][PASSED] - Test Cases/Login: Test Cases/Login

13-02-2024T19:05:25 - [TEST_STEP][PASSED] - startApplication("/Users/admin/Downloads/Advantage+demo+3.2.apk", true): Started app at: '/Users/admin/Downloads/Advantage+demo+3.2.apk'

13-02-2024T19:05:39 - [MESSAGE][PASSED] - Started app at: '/Users/admin/Downloads/Advantage+demo+3.2.apk'

13-02-2024T19:05:39 - [TEST_STEP][PASSED] - tap(findTestObject("Object Repository/Login/android.widget.ImageView"), 0): Tapped on element 'Object Repository/Login/android.widget.ImageView'

13-02-2024T19:05:39 - [MESSAGE][WARNING] - Timeout '0' is invalid. Using default page load timeout: '30'

13-02-2024T19:05:43 - [MESSAGE][PASSED] - Tapped on element 'Object Repository/Login/android.widget.ImageView'

13-02-2024T19:05:43 - [TEST_STEP][PASSED] - tap(findTestObject("Object Repository/Login/android.widget.LinearLayout"), 0): Tapped on element 'Object Repository/Login/android.widget.LinearLayout'

13-02-2024T19:05:43 - [MESSAGE][WARNING] - Timeout '0' is invalid. Using default page load timeout: '30'

13-02-2024T19:05:43 - [MESSAGE][PASSED] - Tapped on element 'Object Repository/Login/android.widget.LinearLayout'

13-02-2024T19:05:44 - [TEST_STEP][PASSED] - setText(findTestObject("Object Repository/Login/android.widget.EditText"), UserName, 0): Text 'testinglagi' has been set to element 'Object Repository/Login/android.widget.EditText'

13-02-2024T19:05:44 - [MESSAGE][WARNING] - Timeout '0' is invalid. Using default page load timeout: '30'

13-02-2024T19:05:47 - [MESSAGE][PASSED] - Text 'testinglagi' has been set to element 'Object Repository/Login/android.widget.EditText'

13-02-2024T19:05:47 - [TEST_STEP][PASSED] - setText(findTestObject("Object Repository/Login/android.widget.EditText (1)"), Password, 0): Text 'P@ssw0rd' has been set to element 'Object Repository/Login/android.widget.EditText (1)'

13-02-2024T19:05:47 - [MESSAGE][WARNING] - Timeout '0' is invalid. Using default page load timeout: '30'

13-02-2024T19:05:49 - [MESSAGE][PASSED] - Text 'P@ssw0rd' has been set to element 'Object Repository/Login/android.widget.EditText (1)'

13-02-2024T19:05:49 - [TEST_STEP][PASSED] - tap(findTestObject("Object Repository/Login/android.widget.Button - LOGIN"), 0): Tapped on element 'Object Repository/Login/android.widget.Button - LOGIN'

13-02-2024T19:05:49 - [MESSAGE][WARNING] - Timeout '0' is invalid. Using default page load timeout: '30'

13-02-2024T19:05:50 - [MESSAGE][PASSED] - Tapped on element 'Object Repository/Login/android.widget.Button - LOGIN'

13-02-2024T19:05:50 - [TEST_STEP][PASSED] - tap(findTestObject("Object Repository/Login/android.widget.Button - NO"), 0): Tapped on element 'Object Repository/Login/android.widget.Button - NO'

13-02-2024T19:05:50 - [MESSAGE][WARNING] - Timeout '0' is invalid. Using default page load timeout: '30'

13-02-2024T19:05:53 - [MESSAGE][PASSED] - Tapped on element 'Object Repository/Login/android.widget.Button - NO']]></system-out>
         <system-err><![CDATA[]]></system-err>
      </testcase>
      <system-out><![CDATA[13-02-2024T19:03:37 - [TEST_SUITE][PASSED] - TC Positif: Test Cases/Login]]></system-out>
      <system-err><![CDATA[]]></system-err>
   </testsuite>
</testsuites>
